Info: Starting: Create block symbol file (.bsf)
Info: qsys-generate /home/mark/Desktop/amax/adc_qsys.qsys --block-symbol-file --output-directory=/home/mark/Desktop/amax/adc_qsys --family="MAX 10" --part=10M08SAU169C8G
Progress: Loading amax/adc_qsys.qsys
Progress: Reading input file
Progress: Adding ADC_0 [altera_modular_adc 20.1]
Progress: Parameterizing module ADC_0
Progress: Adding PLL0 [altpll 20.1]
Progress: Parameterizing module PLL0
Progress: Adding clk_0 [clock_source 20.1]
Progress: Parameterizing module clk_0
Progress: Building connections
Progress: Parameterizing connections
Progress: Validating
Progress: Done reading input file
Warning: adc_qsys.PLL0: PLL0.pll_slave must be connected to an Avalon-MM master
Warning: adc_qsys.: You have exported the interface ADC_0.command but not its associated clock interface.  Export the driver of ADC_0.clock
Warning: adc_qsys.: You have exported the interface ADC_0.response but not its associated clock interface.  Export ADC_0.clock
Info: qsys-generate succeeded.
Info: Finished: Create block symbol file (.bsf)
Info: 
Info: Starting: Create HDL design files for synthesis
Info: qsys-generate /home/mark/Desktop/amax/adc_qsys.qsys --synthesis=VERILOG --output-directory=/home/mark/Desktop/amax/adc_qsys/synthesis --family="MAX 10" --part=10M08SAU169C8G
Progress: Loading amax/adc_qsys.qsys
Progress: Reading input file
Progress: Adding ADC_0 [altera_modular_adc 20.1]
Progress: Parameterizing module ADC_0
Progress: Adding PLL0 [altpll 20.1]
Progress: Parameterizing module PLL0
Progress: Adding clk_0 [clock_source 20.1]
Progress: Parameterizing module clk_0
Progress: Building connections
Progress: Parameterizing connections
Progress: Validating
Progress: Done reading input file
Warning: adc_qsys.PLL0: PLL0.pll_slave must be connected to an Avalon-MM master
Warning: adc_qsys.: You have exported the interface ADC_0.command but not its associated clock interface.  Export the driver of ADC_0.clock
Warning: adc_qsys.: You have exported the interface ADC_0.response but not its associated clock interface.  Export ADC_0.clock
Info: adc_qsys: Generating adc_qsys "adc_qsys" for QUARTUS_SYNTH
Info: ADC_0: "adc_qsys" instantiated altera_modular_adc "ADC_0"
Info: PLL0: "adc_qsys" instantiated altpll "PLL0"
Info: rst_controller: "adc_qsys" instantiated altera_reset_controller "rst_controller"
Info: control_internal: "ADC_0" instantiated altera_modular_adc_control "control_internal"
Info: adc_qsys: Done "adc_qsys" with 5 modules, 13 files
Info: qsys-generate succeeded.
Info: Finished: Create HDL design files for synthesis
